Error: El índice estaba fuera del intervalo. Debe ser un valor no negativo e inferior al tamaño de la colección.
Nombre del parámetro: index
Error: El índice estaba fuera del intervalo. Debe ser un valor no negativo e inferior al tamaño de la colección.
Nombre del parámetro: index
2018-05-29 18:16:02 - Error: Box.LoadData -La cadena de entrada no tiene el formato correcto.
2018-05-29 18:17:27 - Error: Box.LoadData -La cadena de entrada no tiene el formato correcto.
2018-05-29 18:18:27 - Error: Box.LoadData -La cadena de entrada no tiene el formato correcto.
2018-05-29 20:31:10 - Error: Box.LoadData -La cadena de entrada no tiene el formato correcto.
2018-05-29 20:33:31 - Error: Box.LoadData -La cadena de entrada no tiene el formato correcto.
2018-05-29 20:38:40 - Error: Box.LoadData -Índice fuera de los límites de la matriz.
2018-05-30 17:33:35 - Error: LoadChips - Índice fuera de los límites de la matriz.
2018-05-30 17:39:51 - Error: LoadChips - Índice fuera de los límites de la matriz.
2018-05-30 17:43:28 - Error: LoadChips - Índice fuera de los límites de la matriz.
2018-05-30 17:46:51 - Error: LoadChips - Índice fuera de los límites de la matriz.
2018-05-30 17:47:56 - Error: LoadChips - Índice fuera de los límites de la matriz.
2018-05-30 17:49:26 - Error: LoadChips - Índice fuera de los límites de la matriz.
2018-05-30 17:50:20 - Error: LoadChips - Índice fuera de los límites de la matriz.
2018-05-30 17:50:47 - Error: LoadChips - Índice fuera de los límites de la matriz.
2018-05-30 18:02:57 - Error: LoadChips - Índice fuera de los límites de la matriz.
2018-05-30 19:17:53 - Error: LoadChips - Índice fuera de los límites de la matriz.
2018-05-30 19:22:38 - Error: LoadChips - Índice fuera de los límites de la matriz.
2018-05-30 19:30:19 - Error: LoadChips - Índice fuera de los límites de la matriz.
2018-05-30 19:32:37 - Error: LoadChips - Índice fuera de los límites de la matriz.
2018-05-30 19:34:26 - Error: LoadChips - Índice fuera de los límites de la matriz.
2018-05-30 19:40:04 - Error: LoadChips - Índice fuera de los límites de la matriz.
2018-05-30 19:42:50 - Error: LoadChips - Índice fuera de los límites de la matriz.
2018-05-30 19:44:28 - Error: LoadChips - Índice fuera de los límites de la matriz.
2018-05-30 19:48:08 - Error: LoadChips - Índice fuera de los límites de la matriz.
2018-05-30 19:50:46 - Error: LoadChips - Índice fuera de los límites de la matriz.
2018-05-30 19:51:54 - Error: LoadChips - Índice fuera de los límites de la matriz.
2018-05-30 19:52:29 - Error: LoadChips - Índice fuera de los límites de la matriz.
2018-05-30 19:53:29 - Error: LoadChips - Índice fuera de los límites de la matriz.
2018-05-30 19:54:16 - Error: LoadChips - Índice fuera de los límites de la matriz.
2018-05-30 19:55:29 - Error: LoadChips - Índice fuera de los límites de la matriz.
2018-05-30 19:58:07 - Error: LoadChips - Índice fuera de los límites de la matriz.
2018-05-30 20:02:26 - Error: LoadChips - Índice fuera de los límites de la matriz.
2018-05-30 20:06:45 - Error: LoadChips - Índice fuera de los límites de la matriz.
2018-05-30 20:07:47 - Error: LoadChips - Índice fuera de los límites de la matriz.
2018-05-30 20:08:34 - Error: LoadChips - Índice fuera de los límites de la matriz.
2018-05-30 20:09:21 - Error: LoadChips - Índice fuera de los límites de la matriz.
2018-05-30 20:09:57 - Error: LoadChips - Índice fuera de los límites de la matriz.
2018-05-30 20:11:24 - Error: LoadChips - Índice fuera de los límites de la matriz.
2018-05-30 20:12:20 - Error: LoadChips - Índice fuera de los límites de la matriz.
2018-05-30 20:13:16 - Error: LoadChips - Índice fuera de los límites de la matriz.
2018-05-30 20:16:39 - Error: LoadChips - Índice fuera de los límites de la matriz.
